[hust_mall]2022/03/25 - 15:34:10.479	[31merror[0m	C:/Users/admin/Desktop/go-mall/hust_mall/server/service/system/sys_user.go:64	LoginByUserEmail err:	{"error": "record not found"}
[hust_mall]2022/03/25 - 15:34:10.487	[31merror[0m	C:/Users/admin/Desktop/go-mall/hust_mall/server/api/v1/system/sys_user.go:45	ç™»é™†å¤±è´¥! é‚®ç®±ä¸å­˜åœ¨æˆ–è€…å¯†ç é”™è¯¯!	{"error": "record not found"}
[hust_mall]2022/03/25 - 16:27:02.511	[31merror[0m	C:/Users/admin/Desktop/go-mall/hust_mall/server/service/system/sys_user.go:64	LoginByUserEmail err:	{"error": "record not found"}
[hust_mall]2022/03/25 - 16:27:02.511	[31merror[0m	C:/Users/admin/Desktop/go-mall/hust_mall/server/api/v1/system/sys_user.go:45	ç™»é™†å¤±è´¥! é‚®ç®±ä¸å­˜åœ¨æˆ–è€…å¯†ç é”™è¯¯!	{"error": "record not found"}
[hust_mall]2022/03/25 - 16:41:16.232	[31merror[0m	C:/Users/admin/Desktop/go-mall/hust_mall/server/api/v1/file/file_upload_download.go:29	æŽ¥æ”¶æ–‡ä»¶å¤±è´¥!	{"error": "request Content-Type isn't multipart/form-data"}
[hust_mall]2022/03/25 - 17:03:42.006	[31merror[0m	C:/Users/admin/Desktop/go-mall/hust_mall/server/api/v1/file/file_upload_download.go:53	åˆ é™¤å¤±è´¥!	{"error": "Error 1064: You have an error in your SQL syntax; check the manual that corresponds to your MySQL server version for the right syntax to use near 'key = ? AND `m_file_upload_and_downloads`.`deleted_at` IS NULL ORDER BY `m_file_' at line 1"}
[hust_mall]2022/03/25 - 17:04:36.723	[31merror[0m	C:/Users/admin/Desktop/go-mall/hust_mall/server/api/v1/file/file_upload_download.go:53	åˆ é™¤å¤±è´¥!	{"error": "Error 1064: You have an error in your SQL syntax; check the manual that corresponds to your MySQL server version for the right syntax to use near 'key = ? AND `m_file_upload_and_downloads`.`deleted_at` IS NULL ORDER BY `m_file_' at line 1"}
[hust_mall]2022/03/25 - 17:08:54.653	[31merror[0m	C:/Users/admin/Desktop/go-mall/hust_mall/server/api/v1/file/file_upload_download.go:53	åˆ é™¤å¤±è´¥!	{"error": "Error 1146: Table 'hust_mall.file_upload_and_downloads' doesn't exist"}
[hust_mall]2022/03/25 - 17:08:57.698	[31merror[0m	C:/Users/admin/Desktop/go-mall/hust_mall/server/utils/upload/qiniu.go:69	function bucketManager.Delete() Filed	{"err": "no such file or directory"}
[hust_mall]2022/03/25 - 17:08:57.698	[31merror[0m	C:/Users/admin/Desktop/go-mall/hust_mall/server/api/v1/file/file_upload_download.go:53	åˆ é™¤å¤±è´¥!	{"error": "æ–‡ä»¶åˆ é™¤å¤±è´¥"}
[hust_mall]2022/03/25 - 17:22:17.344	[31merror[0m	C:/Users/admin/Desktop/go-mall/hust_mall/server/service/mall/m_address.go:19	GetAddressById err:	{"error": "record not found"}
[hust_mall]2022/03/25 - 17:24:11.639	[31merror[0m	C:/Users/admin/Desktop/go-mall/hust_mall/server/service/mall/m_address.go:19	GetAddressById err:	{"error": "record not found"}
[hust_mall]2022/03/25 - 19:31:08.955	[31merror[0m	C:/Users/admin/Desktop/go-mall/hust_mall/server/service/system/sys_user.go:107	GetProfile redis err:	{"error": "redis not found"}
[hust_mall]2022/03/25 - 20:30:13.421	[31merror[0m	C:/Users/admin/Desktop/go-mall/hust_mall/server/service/system/sys_user.go:153	UpdateProfile err:	{"error": "WHERE conditions required"}
[hust_mall]2022/03/25 - 20:31:37.457	[31merror[0m	C:/Users/admin/Desktop/go-mall/hust_mall/server/service/system/sys_user.go:153	UpdateProfile err:	{"error": "Error 1406: Data too long for column 'avatar' at row 1"}
[hust_mall]2022/03/26 - 13:01:55.849	[31merror[0m	C:/Users/admin/Desktop/go-mall/hust_mall/server/service/system/sys_user.go:94	FindUserByEmail err:	{"error": "record not found"}
[hust_mall]2022/03/26 - 13:08:12.798	[31merror[0m	C:/Users/admin/Desktop/go-mall/hust_mall/server/service/system/sys_user.go:94	FindUserByEmail err:	{"error": "record not found"}
[hust_mall]2022/03/26 - 22:06:23.443	[31merror[0m	C:/Users/admin/Desktop/go-mall/hust_mall/server/service/system/sys_user.go:81	ChangePassword err:	{"error": "record not found"}
[hust_mall]2022/03/26 - 22:06:23.444	[31merror[0m	C:/Users/admin/Desktop/go-mall/hust_mall/server/api/v1/system/sys_user.go:287	ä¿®æ”¹å¤±è´¥!	{"error": "record not found"}
[hust_mall]2022/03/27 - 22:12:47.900	[31merror[0m	C:/Users/admin/Desktop/go-mall/hust_mall/server/service/system/sys_user.go:106	GetUserBanStatus err:	{"error": "model value required"}
[hust_mall]2022/03/29 - 16:19:17.325	[31merror[0m	C:/Users/admin/Desktop/go-mall/hust_mall/server/service/mall/m_item.go:71	ReleaseIdleItem err:	{"error": "WHERE conditions required"}
[hust_mall]2022/03/29 - 16:19:17.328	[31merror[0m	C:/Users/admin/Desktop/go-mall/hust_mall/server/api/v1/mall/m_item.go:70	æ›´æ–°å¤±è´¥!	{"error": "WHERE conditions required"}
[hust_mall]2022/03/29 - 16:22:46.294	[31merror[0m	C:/Users/admin/Desktop/go-mall/hust_mall/server/service/mall/m_item.go:82	GetIdleItem err:	{"error": "record not found"}
[hust_mall]2022/03/29 - 16:22:46.294	[31merror[0m	C:/Users/admin/Desktop/go-mall/hust_mall/server/api/v1/mall/m_item.go:86	æŸ¥è¯¢å¤±è´¥!	{"error": "record not found"}
[hust_mall]2022/03/29 - 16:58:23.226	[31merror[0m	C:/Users/admin/Desktop/go-mall/hust_mall/server/service/mall/m_item.go:97	ReleasePurchaseItem err:	{"error": "Error 1062: Duplicate entry '5' for key 'm_purchase_item.PRIMARY'"}
[hust_mall]2022/03/29 - 16:58:23.226	[31merror[0m	C:/Users/admin/Desktop/go-mall/hust_mall/server/api/v1/mall/m_item.go:101	å‘å¸ƒå¤±è´¥!	{"error": "Error 1062: Duplicate entry '5' for key 'm_purchase_item.PRIMARY'"}
[hust_mall]2022/03/30 - 22:04:04.882	[31merror[0m	C:/Users/admin/Desktop/go-mall/hust_mall/server/initialize/elastic.go:21	GetPurchaseItem err:	{"error": "no active connection found: no Elasticsearch node available", "errorVerbose": "no Elasticsearch node available\ngithub.com/olivere/elastic/v7.init\n\tD:/goProject/pkg/mod/github.com/olivere/elastic/v7@v7.0.32/client.go:91\nruntime.doInit\n\tC:/Program Files/Go/src/runtime/proc.go:6309\nruntime.doInit\n\tC:/Program Files/Go/src/runtime/proc.go:6286\nruntime.doInit\n\tC:/Program Files/Go/src/runtime/proc.go:6286\nruntime.doInit\n\tC:/Program Files/Go/src/runtime/proc.go:6286\nruntime.main\n\tC:/Program Files/Go/src/runtime/proc.go:208\nruntime.goexit\n\tC:/Program Files/Go/src/runtime/asm_amd64.s:1371\nno active connection found\ngithub.com/olivere/elastic/v7.(*Client).mustActiveConn\n\tD:/goProject/pkg/mod/github.com/olivere/elastic/v7@v7.0.32/client.go:1283\ngithub.com/olivere/elastic/v7.DialContext\n\tD:/goProject/pkg/mod/github.com/olivere/elastic/v7@v7.0.32/client.go:394\ngithub.com/olivere/elastic/v7.NewClient\n\tD:/goProject/pkg/mod/github.com/olivere/elastic/v7@v7.0.32/client.go:207\ngithub.com/tmnhs/hust-mall/server/initialize.Elastic\n\tC:/Users/admin/Desktop/go-mall/hust_mall/server/initialize/elastic.go:19\nmain.main\n\tC:/Users/admin/Desktop/go-mall/hust_mall/server/main.go:20\nruntime.main\n\tC:/Program Files/Go/src/runtime/proc.go:225\nruntime.goexit\n\tC:/Program Files/Go/src/runtime/asm_amd64.s:1371"}
[hust_mall]2022/03/30 - 22:37:03.336	[31merror[0m	C:/Users/admin/Desktop/go-mall/hust_mall/server/initialize/elastic.go:21	Elastic err:	{"error": "elastic: Error 401 (Unauthorized)"}
[hust_mall]2022/04/02 - 17:01:53.554	[31merror[0m	C:/Users/admin/Desktop/go-mall/hust_mall/server/initialize/elastic.go:38	Elastic err:	{"error": "health check timeout: Head \"http://114.55.178.217:9200\": dial tcp 114.55.178.217:9200: connectex: A socket operation was attempted to an unreachable network.: no Elasticsearch node available", "errorVerbose": "no Elasticsearch node available\ngithub.com/olivere/elastic/v7.init\n\tD:/goProject/pkg/mod/github.com/olivere/elastic/v7@v7.0.32/client.go:91\nruntime.doInit\n\tC:/Program Files/Go/src/runtime/proc.go:6309\nruntime.doInit\n\tC:/Program Files/Go/src/runtime/proc.go:6286\nruntime.doInit\n\tC:/Program Files/Go/src/runtime/proc.go:6286\nruntime.doInit\n\tC:/Program Files/Go/src/runtime/proc.go:6286\nruntime.main\n\tC:/Program Files/Go/src/runtime/proc.go:208\nruntime.goexit\n\tC:/Program Files/Go/src/runtime/asm_amd64.s:1371\nhealth check timeout: Head \"http://114.55.178.217:9200\": dial tcp 114.55.178.217:9200: connectex: A socket operation was attempted to an unreachable network.\ngithub.com/olivere/elastic/v7.(*Client).startupHealthcheck\n\tD:/goProject/pkg/mod/github.com/olivere/elastic/v7@v7.0.32/client.go:1228\ngithub.com/olivere/elastic/v7.DialContext\n\tD:/goProject/pkg/mod/github.com/olivere/elastic/v7@v7.0.32/client.go:372\ngithub.com/olivere/elastic/v7.NewClient\n\tD:/goProject/pkg/mod/github.com/olivere/elastic/v7@v7.0.32/client.go:207\ngithub.com/tmnhs/hust-mall/server/initialize.Elastic\n\tC:/Users/admin/Desktop/go-mall/hust_mall/server/initialize/elastic.go:35\nmain.main\n\tC:/Users/admin/Desktop/go-mall/hust_mall/server/main.go:20\nruntime.main\n\tC:/Program Files/Go/src/runtime/proc.go:225\nruntime.goexit\n\tC:/Program Files/Go/src/runtime/asm_amd64.s:1371"}
[hust_mall]2022/04/04 - 12:38:20.161	[31merror[0m	C:/Users/admin/Desktop/go-mall/hust_mall/server/service/mall/m_item.go:44	ReleaseIdleItem into elastic err:	{"error": "elastic: Error 400 (Bad Request): failed to parse field [createdTime] of type [integer] in document with id '15'. Preview of field's value: '1649047099000' [type=mapper_parsing_exception]"}
[hust_mall]2022/04/04 - 12:38:20.162	[31merror[0m	C:/Users/admin/Desktop/go-mall/hust_mall/server/api/v1/mall/m_item.go:25	å‘å¸ƒå¤±è´¥!	{"error": "elastic: Error 400 (Bad Request): failed to parse field [createdTime] of type [integer] in document with id '15'. Preview of field's value: '1649047099000' [type=mapper_parsing_exception]"}
[hust_mall]2022/04/04 - 23:32:02.910	[31merror[0m	C:/Users/admin/Desktop/go-mall/hust_mall/server/service/mall/m_order.go:78	FindOrderById err:	{"error": "record not found"}
[hust_mall]2022/04/05 - 10:37:28.471	[31merror[0m	C:/Users/admin/Desktop/go-mall/hust_mall/server/initialize/redis.go:19	redis connect ping failed, err:	{"error": "dial tcp 127.0.0.1:6379: connectex: No connection could be made because the target machine actively refused it."}
[--hust_mall--]2022/04/07 - 19:10:04.512	[31merror[0m	C:/Users/admin/Desktop/go-mall/hust_mall/server/utils/clamis.go:28	ä»ŽGinçš„Contextä¸­èŽ·å–ä»Žjwtè§£æžä¿¡æ¯å¤±è´¥---redisèŽ·å–é”™è¯¯
[--hust_mall--]2022/04/07 - 19:18:03.547	[31merror[0m	C:/Users/admin/Desktop/go-mall/hust_mall/server/service/websocket/w_client.go:34	client read message error	{"error": "websocket: close 1000 (normal)"}
[--hust_mall--]2022/04/07 - 19:42:48.707	[31merror[0m	C:/Users/admin/Desktop/go-mall/hust_mall/server/service/websocket/w_client.go:34	client read message error	{"error": "websocket: close 1000 (normal)"}
[--hust_mall--]2022/04/07 - 21:45:36.700	[31merror[0m	C:/Users/admin/Desktop/go-mall/hust_mall/server/service/mall/m_message.go:49	SendMessage err:	{"error": "Error 1146: Table 'hust_mall.m_messsage' doesn't exist"}
[--hust_mall--]2022/04/07 - 21:45:36.702	[31merror[0m	C:/Users/admin/Desktop/go-mall/hust_mall/server/service/websocket/w_server.go:187	SaveMessage error	{"error": "Error 1146: Table 'hust_mall.m_messsage' doesn't exist"}
[--hust_mall--]2022/04/07 - 21:46:57.704	[31merror[0m	C:/Users/admin/Desktop/go-mall/hust_mall/server/service/mall/m_message.go:49	SendMessage err:	{"error": "Error 1146: Table 'hust_mall.m_messsages' doesn't exist"}
[--hust_mall--]2022/04/07 - 21:46:57.705	[31merror[0m	C:/Users/admin/Desktop/go-mall/hust_mall/server/service/websocket/w_server.go:187	SaveMessage error	{"error": "Error 1146: Table 'hust_mall.m_messsages' doesn't exist"}
[--hust_mall--]2022/04/09 - 11:42:29.160	[31merror[0m	C:/Users/admin/Desktop/go-mall/hust_mall/server/service/websocket/w_client.go:37	client read message error	{"error": "websocket: close 1000 (normal)"}
[--hust_mall--]2022/04/09 - 14:26:42.055	[31merror[0m	C:/Users/admin/Desktop/go-mall/hust_mall/server/service/mall/m_item.go:240	GetPurchaseItem err:	{"error": "record not found"}
[--hust_mall--]2022/04/09 - 14:26:42.058	[31merror[0m	C:/Users/admin/Desktop/go-mall/hust_mall/server/api/v1/mall/m_item.go:165	æŸ¥è¯¢å¤±è´¥!	{"error": "record not found"}
[--hust_mall--]2022/04/09 - 15:15:31.941	[31merror[0m	C:/Users/admin/Desktop/go-mall/hust_mall/server/service/mall/m_order.go:102	UpdateOrder err:	{"error": "WHERE conditions required"}
[--hust_mall--]2022/04/09 - 16:41:29.852	[31merror[0m	C:/Users/admin/Desktop/go-mall/hust_mall/server/service/mall/m_item.go:240	GetPurchaseItem err:	{"error": "record not found"}
[--hust_mall--]2022/04/09 - 16:41:29.853	[31merror[0m	C:/Users/admin/Desktop/go-mall/hust_mall/server/api/v1/mall/m_item.go:165	æŸ¥è¯¢å¤±è´¥!	{"error": "record not found"}
[--hust_mall--]2022/04/09 - 20:01:45.569	[31merror[0m	C:/Users/admin/Desktop/go-mall/hust_mall/server/utils/upload/qiniu.go:78	function bucketManager.Delete() Filed	{"err": "no such file or directory"}
[--hust_mall--]2022/04/09 - 20:01:45.572	[31merror[0m	C:/Users/admin/Desktop/go-mall/hust_mall/server/api/v1/file/file_upload_download.go:38	åˆ é™¤å¤±è´¥!	{"error": "æ–‡ä»¶åˆ é™¤å¤±è´¥"}
[--hust_mall--]2022/04/09 - 20:02:53.986	[31merror[0m	C:/Users/admin/Desktop/go-mall/hust_mall/server/utils/upload/qiniu.go:78	function bucketManager.Delete() Filed	{"err": "no such file or directory"}
[--hust_mall--]2022/04/09 - 20:02:53.986	[31merror[0m	C:/Users/admin/Desktop/go-mall/hust_mall/server/api/v1/file/file_upload_download.go:38	åˆ é™¤å¤±è´¥!	{"error": "æ–‡ä»¶åˆ é™¤å¤±è´¥"}
[--hust_mall--]2022/04/09 - 21:26:23.303	[31merror[0m	C:/Users/admin/Desktop/go-mall/hust_mall/server/service/system/sys_user.go:258	SetUserStatisInfo error:	{"error": "record not found"}
[--hust_mall--]2022/04/10 - 10:35:45.285	[31merror[0m	C:/Users/admin/Desktop/go-mall/hust_mall/server/service/mall/m_tag.go:36	FindTagForItem err:	{"error": "record not found"}
[--hust_mall--]2022/04/10 - 10:35:45.295	[31merror[0m	C:/Users/admin/Desktop/go-mall/hust_mall/server/service/mall/m_tag.go:36	FindTagForItem err:	{"error": "record not found"}
[--hust_mall--]2022/04/10 - 10:35:45.299	[31merror[0m	C:/Users/admin/Desktop/go-mall/hust_mall/server/service/mall/m_tag.go:25	AddTagForItem err:	{"error": "Error 1062: Duplicate entry '32' for key 'm_tag_and_item.PRIMARY'"}
[--hust_mall--]2022/04/10 - 10:35:45.300	[31merror[0m	C:/Users/admin/Desktop/go-mall/hust_mall/server/api/v1/mall/m_tag.go:31	AddTagsForItem error:	{"error": "Error 1062: Duplicate entry '32' for key 'm_tag_and_item.PRIMARY'"}
[--hust_mall--]2022/04/10 - 10:37:43.917	[31merror[0m	C:/Users/admin/Desktop/go-mall/hust_mall/server/service/mall/m_tag.go:36	FindTagForItem err:	{"error": "record not found"}
[--hust_mall--]2022/04/10 - 10:39:15.071	[31merror[0m	C:/Users/admin/Desktop/go-mall/hust_mall/server/service/mall/m_tag.go:47	DeleteTagForItem err:	{"error": "WHERE conditions required"}
[--hust_mall--]2022/04/10 - 10:56:45.944	[31merror[0m	C:/Users/admin/Desktop/go-mall/hust_mall/server/service/mall/m_tag.go:50	DeleteTagForItem err:	{"error": "record not found"}
[--hust_mall--]2022/04/10 - 10:59:39.882	[31merror[0m	C:/Users/admin/Desktop/go-mall/hust_mall/server/service/mall/m_tag.go:36	FindTagForItem err:	{"error": "record not found"}
[--hust_mall--]2022/04/10 - 11:13:40.669	[31merror[0m	C:/Users/admin/Desktop/go-mall/hust_mall/server/service/mall/m_item.go:445	GetItemCollection err:	{"error": "sql: Scan error on column index 0, name \"id\": destination not a pointer"}
[--hust_mall--]2022/04/11 - 14:59:07.236	[31merror[0m	C:/Users/admin/Desktop/go-mall/hust_mall/server/initialize/timer.go:38	ClearTimeoutConnections	{"error": "expected exactly 5 fields, found 6: [*/10 * * * * ?]"}
[--hust_mall--]2022/04/11 - 14:59:54.842	[31merror[0m	C:/Users/admin/Desktop/go-mall/hust_mall/server/initialize/timer.go:38	ClearTimeoutConnections	{"error": "expected exactly 5 fields, found 6: [*/10 * * * * ?]"}
[--hust_mall--]2022/04/11 - 15:03:34.888	[31merror[0m	C:/Users/admin/Desktop/go-mall/hust_mall/server/initialize/timer.go:38	ClearTimeoutConnections	{"error": "expected exactly 5 fields, found 6: [*/10 * * * * ?]"}
[--hust_mall--]2022/04/11 - 15:06:52.522	[31merror[0m	/mnt/c/Users/admin/Desktop/go-mall/hust_mall/server/initialize/timer.go:38	ClearTimeoutConnections	{"error": "expected exactly 5 fields, found 6: [*/10 * * * * ?]"}
[--hust_mall--]2022/04/11 - 15:08:51.402	[31merror[0m	/mnt/c/Users/admin/Desktop/go-mall/hust_mall/server/initialize/timer.go:38	ClearTimeoutConnections	{"error": "expected exactly 5 fields, found 6: [*/5 * * * * ?]"}
[--hust_mall--]2022/04/11 - 15:09:48.316	[31merror[0m	/mnt/c/Users/admin/Desktop/go-mall/hust_mall/server/initialize/timer.go:38	ClearTimeoutConnections	{"error": "expected exactly 5 fields, found 6: [*/5 * * * * ?]"}
[--hust_mall--]2022/04/12 - 12:19:27.132	[31merror[0m	C:/Users/admin/Desktop/go-mall/hust_mall/server/service/system/sys_user.go:247	IncUserLoginCount error:	{"error": "WHERE conditions required"}
[--hust_mall--]2022/04/12 - 12:19:27.133	[31merror[0m	C:/Users/admin/Desktop/go-mall/hust_mall/server/api/v1/system/sys_user.go:225	IncUserStatisCount err:	{"error": "WHERE conditions required"}
[--hust_mall--]2022/04/12 - 12:19:49.243	[31merror[0m	C:/Users/admin/Desktop/go-mall/hust_mall/server/service/system/sys_user.go:247	IncUserLoginCount error:	{"error": "WHERE conditions required"}
[--hust_mall--]2022/04/12 - 12:19:49.243	[31merror[0m	C:/Users/admin/Desktop/go-mall/hust_mall/server/api/v1/system/sys_user.go:225	IncUserStatisCount err:	{"error": "WHERE conditions required"}
[--hust_mall--]2022/04/12 - 12:32:04.464	[31merror[0m	C:/Users/admin/Desktop/go-mall/hust_mall/server/service/system/sys_user.go:248	IncUserLoginCount error:	{"error": "WHERE conditions required"}
[--hust_mall--]2022/04/12 - 12:32:04.464	[31merror[0m	C:/Users/admin/Desktop/go-mall/hust_mall/server/api/v1/system/sys_user.go:225	IncUserStatisCount err:	{"error": "WHERE conditions required"}
[--hust_mall--]2022/04/12 - 13:10:21.539	[31merror[0m	C:/Users/admin/Desktop/go-mall/hust_mall/server/service/websocket/w_client.go:43	client read message error	{"error": "read tcp 127.0.0.1:8888->127.0.0.1:51493: wsarecv: An existing connection was forcibly closed by the remote host."}
[--hust_mall--]2022/04/12 - 13:10:21.549	[31merror[0m	C:/Users/admin/Desktop/go-mall/hust_mall/server/service/websocket/w_client.go:89	client write message error
[--hust_mall--]2022/04/12 - 13:10:21.740	[31merror[0m	C:/Users/admin/Desktop/go-mall/hust_mall/server/service/websocket/w_client.go:43	client read message error	{"error": "read tcp 127.0.0.1:8888->127.0.0.1:51492: wsarecv: An existing connection was forcibly closed by the remote host."}
[--hust_mall--]2022/04/12 - 13:10:21.741	[31merror[0m	C:/Users/admin/Desktop/go-mall/hust_mall/server/service/websocket/w_client.go:89	client write message error
[--hust_mall--]2022/04/12 - 15:35:55.535	[31merror[0m	C:/Users/admin/Desktop/go-mall/hust_mall/server/service/websocket/w_client.go:43	client read message error	{"error": "websocket: close 1000 (normal)"}
[--hust_mall--]2022/04/12 - 16:01:08.963	[31merror[0m	C:/Users/admin/Desktop/go-mall/hust_mall/server/service/websocket/w_client.go:43	client read message error	{"error": "websocket: close 1000 (normal)"}
[--hust_mall--]2022/04/12 - 16:01:12.229	[31merror[0m	C:/Users/admin/Desktop/go-mall/hust_mall/server/service/websocket/w_client.go:43	client read message error	{"error": "websocket: close 1000 (normal)"}
[--hust_mall--]2022/04/12 - 16:15:43.824	[31merror[0m	C:/Users/admin/Desktop/go-mall/hust_mall/server/service/websocket/w_client.go:43	client read message error	{"error": "websocket: close 1000 (normal)"}
[--hust_mall--]2022/04/12 - 16:25:36.770	[31merror[0m	C:/Users/admin/Desktop/go-mall/hust_mall/server/service/websocket/w_client.go:43	client read message error	{"error": "websocket: close 1000 (normal)"}
[--hust_mall--]2022/04/12 - 16:25:40.110	[31merror[0m	C:/Users/admin/Desktop/go-mall/hust_mall/server/service/websocket/w_client.go:43	client read message error	{"error": "websocket: close 1000 (normal)"}
[--hust_mall--]2022/04/12 - 16:27:45.643	[31merror[0m	C:/Users/admin/Desktop/go-mall/hust_mall/server/service/mall/m_order.go:91	FindOrderById err:	{"error": "record not found"}
[--hust_mall--]2022/04/18 - 12:26:20.461	[31merror[0m	C:/Users/admin/Desktop/go-mall/hust_mall/server/service/kafka/k_consumer.go:26	init kafka consumer client error:	{"error": "kafka: client has run out of available brokers to talk to (Is your cluster reachable?)"}
[--hust_mall--]2022/04/18 - 12:26:20.463	[31merror[0m	C:/Users/admin/Desktop/go-mall/hust_mall/server/initialize/kafka.go:17	Kafka  InitConsumer err:	{"error": "kafka: client has run out of available brokers to talk to (Is your cluster reachable?)"}
[--hust_mall--]2022/04/18 - 12:31:58.945	[31merror[0m	C:/Users/admin/Desktop/go-mall/hust_mall/server/service/kafka/k_consumer.go:26	init kafka consumer client error:	{"error": "kafka: client has run out of available brokers to talk to (Is your cluster reachable?)"}
[--hust_mall--]2022/04/18 - 12:31:58.945	[31merror[0m	C:/Users/admin/Desktop/go-mall/hust_mall/server/initialize/kafka.go:17	Kafka  InitConsumer err:	{"error": "kafka: client has run out of available brokers to talk to (Is your cluster reachable?)"}
[hust_mall]2022/04/21 - 09:32:31.018	[31merror[0m	/mnt/c/Users/admin/Desktop/go-mall/hust_mall/server/service/system/sys_jwt_black_list.go:67	åŠ è½½æ•°æ®åº“jwté»‘åå•å¤±è´¥!	{"error": "Error 1146: Table 'hust_mall.m_jwt_blacklists' doesn't exist"}
[hust_mall]2022/04/21 - 09:35:45.376	[31merror[0m	/mnt/c/Users/admin/Desktop/go-mall/hust_mall/server/service/kafka/k_consumer.go:26	init kafka consumer client error:	{"error": "kafka: client has run out of available brokers to talk to (Is your cluster reachable?)"}
[hust_mall]2022/04/21 - 09:35:45.377	[31merror[0m	/mnt/c/Users/admin/Desktop/go-mall/hust_mall/server/initialize/kafka.go:17	Kafka  InitConsumer err:	{"error": "kafka: client has run out of available brokers to talk to (Is your cluster reachable?)"}
[hust_mall]2022/04/21 - 09:35:45.432	[31merror[0m	/mnt/c/Users/admin/Desktop/go-mall/hust_mall/server/service/system/sys_jwt_black_list.go:67	åŠ è½½æ•°æ®åº“jwté»‘åå•å¤±è´¥!	{"error": "Error 1146: Table 'hust_mall.m_jwt_blacklists' doesn't exist"}
[--hust_mall--]2022/04/21 - 10:43:01.565	[31merror[0m	C:/Users/admin/Desktop/go-mall/hust_mall/server/utils/clamis.go:34	ä»ŽGinçš„Contextä¸­èŽ·å–ä»Žjwtè§£æžä¿¡æ¯å¤±è´¥, è¯·æ£€æŸ¥è¯·æ±‚å¤´æ˜¯å¦å­˜åœ¨x-tokenä¸”claimsæ˜¯å¦ä¸ºè§„å®šç»“æž„
[--hust_mall--]2022/04/21 - 10:43:01.576	[31merror[0m	C:/Users/admin/Desktop/go-mall/hust_mall/server/service/mall/m_item.go:459	CreateSearchHistory err:	{"error": "Error 1366: Incorrect integer value: '' for column 'content' at row 1"}
[--hust_mall--]2022/04/21 - 10:44:19.126	[31merror[0m	C:/Users/admin/Desktop/go-mall/hust_mall/server/service/mall/m_item.go:459	CreateSearchHistory err:	{"error": "Error 1366: Incorrect integer value: '' for column 'content' at row 1"}
[--hust_mall--]2022/04/21 - 11:41:56.192	[31merror[0m	C:/Users/admin/Desktop/go-mall/hust_mall/server/service/system/sys_user.go:270	GetFriendIds error:	{"error": "Error 1054: Unknown column 'fid' in 'field list'"}
[--hust_mall--]2022/04/28 - 11:39:41.769	[31merror[0m	C:/Users/admin/Desktop/go-mall/hust_mall/server/service/kafka/k_consumer.go:26	init kafka consumer client error:	{"error": "kafka: client has run out of available brokers to talk to (Is your cluster reachable?)"}
[--hust_mall--]2022/04/28 - 11:39:41.772	[31merror[0m	C:/Users/admin/Desktop/go-mall/hust_mall/server/initialize/kafka.go:17	Kafka  InitConsumer err:	{"error": "kafka: client has run out of available brokers to talk to (Is your cluster reachable?)"}
[--hust_mall--]2022/04/28 - 11:40:40.204	[31merror[0m	C:/Users/admin/Desktop/go-mall/hust_mall/server/utils/clamis.go:34	ä»ŽGinçš„Contextä¸­èŽ·å–ä»Žjwtè§£æžä¿¡æ¯å¤±è´¥, è¯·æ£€æŸ¥è¯·æ±‚å¤´æ˜¯å¦å­˜åœ¨x-tokenä¸”claimsæ˜¯å¦ä¸ºè§„å®šç»“æž„
[--hust_mall--]2022/04/28 - 11:41:17.988	[31merror[0m	C:/Users/admin/Desktop/go-mall/hust_mall/server/utils/clamis.go:34	ä»ŽGinçš„Contextä¸­èŽ·å–ä»Žjwtè§£æžä¿¡æ¯å¤±è´¥, è¯·æ£€æŸ¥è¯·æ±‚å¤´æ˜¯å¦å­˜åœ¨x-tokenä¸”claimsæ˜¯å¦ä¸ºè§„å®šç»“æž„
[--hust_mall--]2022/04/28 - 12:53:58.263	[31merror[0m	C:/Users/admin/Desktop/go-mall/hust_mall/server/service/kafka/k_consumer.go:26	init kafka consumer client error:	{"error": "kafka: client has run out of available brokers to talk to (Is your cluster reachable?)"}
[--hust_mall--]2022/04/28 - 12:53:58.266	[31merror[0m	C:/Users/admin/Desktop/go-mall/hust_mall/server/initialize/kafka.go:17	Kafka  InitConsumer err:	{"error": "kafka: client has run out of available brokers to talk to (Is your cluster reachable?)"}
[--hust_mall--]2022/04/28 - 12:55:08.865	[31merror[0m	C:/Users/admin/Desktop/go-mall/hust_mall/server/utils/clamis.go:34	ä»ŽGinçš„Contextä¸­èŽ·å–ä»Žjwtè§£æžä¿¡æ¯å¤±è´¥, è¯·æ£€æŸ¥è¯·æ±‚å¤´æ˜¯å¦å­˜åœ¨x-tokenä¸”claimsæ˜¯å¦ä¸ºè§„å®šç»“æž„
[--hust_mall--]2022/04/28 - 12:58:45.113	[31merror[0m	C:/Users/admin/Desktop/go-mall/hust_mall/server/service/kafka/k_consumer.go:26	init kafka consumer client error:	{"error": "kafka: client has run out of available brokers to talk to (Is your cluster reachable?)"}
[--hust_mall--]2022/04/28 - 12:58:45.114	[31merror[0m	C:/Users/admin/Desktop/go-mall/hust_mall/server/initialize/kafka.go:17	Kafka  InitConsumer err:	{"error": "kafka: client has run out of available brokers to talk to (Is your cluster reachable?)"}
[--hust_mall--]2022/04/28 - 12:59:15.809	[31merror[0m	C:/Users/admin/Desktop/go-mall/hust_mall/server/utils/clamis.go:34	ä»ŽGinçš„Contextä¸­èŽ·å–ä»Žjwtè§£æžä¿¡æ¯å¤±è´¥, è¯·æ£€æŸ¥è¯·æ±‚å¤´æ˜¯å¦å­˜åœ¨x-tokenä¸”claimsæ˜¯å¦ä¸ºè§„å®šç»“æž„
[--hust_mall--]2022/04/28 - 13:00:48.971	[31merror[0m	C:/Users/admin/Desktop/go-mall/hust_mall/server/utils/clamis.go:34	ä»ŽGinçš„Contextä¸­èŽ·å–ä»Žjwtè§£æžä¿¡æ¯å¤±è´¥, è¯·æ£€æŸ¥è¯·æ±‚å¤´æ˜¯å¦å­˜åœ¨x-tokenä¸”claimsæ˜¯å¦ä¸ºè§„å®šç»“æž„
[--hust_mall--]2022/04/28 - 13:02:51.680	[31merror[0m	C:/Users/admin/Desktop/go-mall/hust_mall/server/service/kafka/k_consumer.go:26	init kafka consumer client error:	{"error": "kafka: client has run out of available brokers to talk to (Is your cluster reachable?)"}
[--hust_mall--]2022/04/28 - 13:02:51.682	[31merror[0m	C:/Users/admin/Desktop/go-mall/hust_mall/server/initialize/kafka.go:17	Kafka  InitConsumer err:	{"error": "kafka: client has run out of available brokers to talk to (Is your cluster reachable?)"}
[--hust_mall--]2022/04/28 - 13:03:41.588	[31merror[0m	C:/Users/admin/Desktop/go-mall/hust_mall/server/utils/clamis.go:34	ä»ŽGinçš„Contextä¸­èŽ·å–ä»Žjwtè§£æžä¿¡æ¯å¤±è´¥, è¯·æ£€æŸ¥è¯·æ±‚å¤´æ˜¯å¦å­˜åœ¨x-tokenä¸”claimsæ˜¯å¦ä¸ºè§„å®šç»“æž„
[--hust_mall--]2022/04/28 - 13:22:52.544	[31merror[0m	C:/Users/admin/Desktop/go-mall/hust_mall/server/service/kafka/k_consumer.go:26	init kafka consumer client error:	{"error": "kafka: client has run out of available brokers to talk to (Is your cluster reachable?)"}
[--hust_mall--]2022/04/28 - 13:22:52.545	[31merror[0m	C:/Users/admin/Desktop/go-mall/hust_mall/server/initialize/kafka.go:17	Kafka  InitConsumer err:	{"error": "kafka: client has run out of available brokers to talk to (Is your cluster reachable?)"}
[--hust_mall--]2022/04/28 - 13:22:58.657	[31merror[0m	C:/Users/admin/Desktop/go-mall/hust_mall/server/utils/clamis.go:34	ä»ŽGinçš„Contextä¸­èŽ·å–ä»Žjwtè§£æžä¿¡æ¯å¤±è´¥, è¯·æ£€æŸ¥è¯·æ±‚å¤´æ˜¯å¦å­˜åœ¨x-tokenä¸”claimsæ˜¯å¦ä¸ºè§„å®šç»“æž„
[--hust_mall--]2022/04/28 - 13:26:48.443	[31merror[0m	C:/Users/admin/Desktop/go-mall/hust_mall/server/service/kafka/k_consumer.go:26	init kafka consumer client error:	{"error": "kafka: client has run out of available brokers to talk to (Is your cluster reachable?)"}
[--hust_mall--]2022/04/28 - 13:26:48.443	[31merror[0m	C:/Users/admin/Desktop/go-mall/hust_mall/server/initialize/kafka.go:17	Kafka  InitConsumer err:	{"error": "kafka: client has run out of available brokers to talk to (Is your cluster reachable?)"}
[--hust_mall--]2022/04/28 - 13:27:16.970	[31merror[0m	C:/Users/admin/Desktop/go-mall/hust_mall/server/utils/clamis.go:34	ä»ŽGinçš„Contextä¸­èŽ·å–ä»Žjwtè§£æžä¿¡æ¯å¤±è´¥, è¯·æ£€æŸ¥è¯·æ±‚å¤´æ˜¯å¦å­˜åœ¨x-tokenä¸”claimsæ˜¯å¦ä¸ºè§„å®šç»“æž„
[--hust_mall--]2022/04/28 - 13:34:07.789	[31merror[0m	C:/Users/admin/Desktop/go-mall/hust_mall/server/service/kafka/k_consumer.go:26	init kafka consumer client error:	{"error": "kafka: client has run out of available brokers to talk to (Is your cluster reachable?)"}
[--hust_mall--]2022/04/28 - 13:34:07.790	[31merror[0m	C:/Users/admin/Desktop/go-mall/hust_mall/server/initialize/kafka.go:17	Kafka  InitConsumer err:	{"error": "kafka: client has run out of available brokers to talk to (Is your cluster reachable?)"}
[--hust_mall--]2022/04/28 - 13:34:16.875	[31merror[0m	C:/Users/admin/Desktop/go-mall/hust_mall/server/utils/clamis.go:34	ä»ŽGinçš„Contextä¸­èŽ·å–ä»Žjwtè§£æžä¿¡æ¯å¤±è´¥, è¯·æ£€æŸ¥è¯·æ±‚å¤´æ˜¯å¦å­˜åœ¨x-tokenä¸”claimsæ˜¯å¦ä¸ºè§„å®šç»“æž„
[--hust_mall--]2022/04/28 - 13:46:23.480	[31merror[0m	C:/Users/admin/Desktop/go-mall/hust_mall/server/service/kafka/k_consumer.go:26	init kafka consumer client error:	{"error": "kafka: client has run out of available brokers to talk to (Is your cluster reachable?)"}
[--hust_mall--]2022/04/28 - 13:46:23.480	[31merror[0m	C:/Users/admin/Desktop/go-mall/hust_mall/server/initialize/kafka.go:17	Kafka  InitConsumer err:	{"error": "kafka: client has run out of available brokers to talk to (Is your cluster reachable?)"}
[--hust_mall--]2022/04/28 - 13:47:15.531	[31merror[0m	C:/Users/admin/Desktop/go-mall/hust_mall/server/utils/clamis.go:34	ä»ŽGinçš„Contextä¸­èŽ·å–ä»Žjwtè§£æžä¿¡æ¯å¤±è´¥, è¯·æ£€æŸ¥è¯·æ±‚å¤´æ˜¯å¦å­˜åœ¨x-tokenä¸”claimsæ˜¯å¦ä¸ºè§„å®šç»“æž„
[--hust_mall--]2022/04/28 - 14:19:49.285	[31merror[0m	C:/Users/admin/Desktop/go-mall/hust_mall/server/service/kafka/k_consumer.go:26	init kafka consumer client error:	{"error": "kafka: client has run out of available brokers to talk to (Is your cluster reachable?)"}
[--hust_mall--]2022/04/28 - 14:19:49.286	[31merror[0m	C:/Users/admin/Desktop/go-mall/hust_mall/server/initialize/kafka.go:17	Kafka  InitConsumer err:	{"error": "kafka: client has run out of available brokers to talk to (Is your cluster reachable?)"}
[--hust_mall--]2022/04/28 - 14:27:16.581	[31merror[0m	C:/Users/admin/Desktop/go-mall/hust_mall/server/utils/clamis.go:34	ä»ŽGinçš„Contextä¸­èŽ·å–ä»Žjwtè§£æžä¿¡æ¯å¤±è´¥, è¯·æ£€æŸ¥è¯·æ±‚å¤´æ˜¯å¦å­˜åœ¨x-tokenä¸”claimsæ˜¯å¦ä¸ºè§„å®šç»“æž„
[--hust_mall--]2022/04/30 - 20:26:26.349	[31merror[0m	C:/Users/admin/Desktop/go-mall/hust_mall/server/service/websocket/w_client.go:43	client read message error	{"error": "read tcp 127.0.0.1:8888->127.0.0.1:51388: wsarecv: An existing connection was forcibly closed by the remote host."}
[--hust_mall--]2022/04/30 - 20:26:26.360	[31merror[0m	C:/Users/admin/Desktop/go-mall/hust_mall/server/service/websocket/w_client.go:43	client read message error	{"error": "read tcp 127.0.0.1:8888->127.0.0.1:51391: wsarecv: An existing connection was forcibly closed by the remote host."}
[--hust_mall--]2022/05/10 - 21:26:14.448	[31merror[0m	C:/Users/admin/Desktop/go-mall/hust_mall/server/initialize/redis.go:19	redis connect ping failed, err:	{"error": "dial tcp 127.0.0.1:6379: connectex: No connection could be made because the target machine actively refused it."}
[--hust_mall--]2022/05/10 - 21:26:24.396	[31merror[0m	C:/Users/admin/Desktop/go-mall/hust_mall/server/internal/service/kafka/k_consumer.go:26	init kafka consumer client error:	{"error": "kafka: client has run out of available brokers to talk to (Is your cluster reachable?)"}
[--hust_mall--]2022/05/10 - 21:26:24.396	[31merror[0m	C:/Users/admin/Desktop/go-mall/hust_mall/server/initialize/kafka.go:16	Kafka  InitConsumer err:	{"error": "kafka: client has run out of available brokers to talk to (Is your cluster reachable?)"}
[--hust_mall--]2022/05/10 - 22:59:41.799	[31merror[0m	C:/Users/admin/Desktop/go-mall/hust_mall/server/internal/service/kafka/k_consumer.go:26	init kafka consumer client error:	{"error": "kafka: client has run out of available brokers to talk to (Is your cluster reachable?)"}
[--hust_mall--]2022/05/10 - 22:59:41.802	[31merror[0m	C:/Users/admin/Desktop/go-mall/hust_mall/server/initialize/kafka.go:16	Kafka  InitConsumer err:	{"error": "kafka: client has run out of available brokers to talk to (Is your cluster reachable?)"}
[--hust_mall--]2022/05/14 - 19:00:32.354	[31merror[0m	C:/Users/admin/Desktop/go-mall/hust_mall/server/initialize/elastic.go:39	Elastic err:	{"error": "Head \"http://114.55.178.217:9200\": context deadline exceeded"}
[--hust_mall--]2022/05/14 - 19:00:41.276	[31merror[0m	C:/Users/admin/Desktop/go-mall/hust_mall/server/internal/service/kafka/k_consumer.go:26	init kafka consumer client error:	{"error": "kafka: client has run out of available brokers to talk to (Is your cluster reachable?)"}
[--hust_mall--]2022/05/14 - 19:00:41.276	[31merror[0m	C:/Users/admin/Desktop/go-mall/hust_mall/server/initialize/kafka.go:16	Kafka  InitConsumer err:	{"error": "kafka: client has run out of available brokers to talk to (Is your cluster reachable?)"}
[--hust_mall--]2022/05/16 - 21:59:17.027	[31merror[0m	C:/Users/admin/Desktop/go-mall/hust_mall/server/initialize/elastic.go:39	Elastic err:	{"error": "Head \"http://114.55.178.217:9200\": context deadline exceeded"}
[--hust_mall--]2022/05/16 - 22:04:14.267	[31merror[0m	C:/Users/admin/Desktop/go-mall/hust_mall/server/initialize/elastic.go:39	Elastic err:	{"error": "Head \"http://114.55.178.217:9200\": context deadline exceeded"}
[--hust_mall--]2022/05/16 - 23:05:03.095	[31merror[0m	C:/Users/admin/Desktop/go-mall/hust_mall/server/internal/service/websocket/w_server.go:40	user register to imServer ,userId:13
[--hust_mall--]2022/05/16 - 23:05:34.381	[31merror[0m	C:/Users/admin/Desktop/go-mall/hust_mall/server/internal/service/websocket/w_server.go:40	user register to imServer ,userId:11
[--hust_mall--]2022/05/16 - 23:06:52.980	[31merror[0m	C:/Users/admin/Desktop/go-mall/hust_mall/server/initialize/elastic.go:39	Elastic err:	{"error": "Head \"http://114.55.178.217:9200\": context deadline exceeded"}
[--hust_mall--]2022/05/16 - 23:07:14.573	[31merror[0m	C:/Users/admin/Desktop/go-mall/hust_mall/server/internal/service/websocket/w_server.go:41	user register to imServer ,userId:13
[--hust_mall--]2022/05/16 - 23:07:17.940	[31merror[0m	C:/Users/admin/Desktop/go-mall/hust_mall/server/internal/service/websocket/w_server.go:41	user register to imServer ,userId:11
[--hust_mall--]2022/05/16 - 23:17:39.784	[31merror[0m	C:/Users/admin/Desktop/go-mall/hust_mall/server/internal/service/websocket/w_server.go:49	user broadcast msg  in imServer 
[--hust_mall--]2022/05/16 - 23:23:17.894	[31merror[0m	C:/Users/admin/Desktop/go-mall/hust_mall/server/initialize/elastic.go:39	Elastic err:	{"error": "Head \"http://114.55.178.217:9200\": context deadline exceeded"}
[--hust_mall--]2022/05/16 - 23:24:07.544	[31merror[0m	C:/Users/admin/Desktop/go-mall/hust_mall/server/internal/service/websocket/w_server.go:50	user broadcast msg  in imServer 
[--hust_mall--]2022/05/17 - 10:08:55.769	[31merror[0m	C:/Users/admin/Desktop/go-mall/hust_mall/server/initialize/elastic.go:39	Elastic err:	{"error": "Head \"http://114.55.178.217:9200\": context deadline exceeded"}
[--hust_mall--]2022/05/17 - 10:16:57.125	[31merror[0m	C:/Users/admin/Desktop/go-mall/hust_mall/server/initialize/elastic.go:39	Elastic err:	{"error": "Head \"http://114.55.178.217:9200\": context deadline exceeded"}
[--hust_mall--]2022/05/17 - 10:22:23.798	[31merror[0m	C:/Users/admin/Desktop/go-mall/hust_mall/server/initialize/elastic.go:39	Elastic err:	{"error": "Head \"http://114.55.178.217:9200\": context deadline exceeded"}
[--hust_mall--]2022/05/17 - 10:25:28.938	[31merror[0m	C:/Users/admin/Desktop/go-mall/hust_mall/server/internal/service/websocket/w_server.go:41	user register to imServer ,userId:13
[--hust_mall--]2022/05/17 - 10:31:04.524	[31merror[0m	C:/Users/admin/Desktop/go-mall/hust_mall/server/initialize/elastic.go:39	Elastic err:	{"error": "Head \"http://114.55.178.217:9200\": context deadline exceeded"}
[--hust_mall--]2022/05/17 - 10:31:46.717	[31merror[0m	C:/Users/admin/Desktop/go-mall/hust_mall/server/internal/service/websocket/w_client.go:44	client read message error	{"error": "websocket: close 1000 (normal)"}
[--hust_mall--]2022/05/17 - 10:31:46.717	[31merror[0m	C:/Users/admin/Desktop/go-mall/hust_mall/server/internal/service/websocket/w_server.go:32	user exit from imServer ,userId:13
[--hust_mall--]2022/05/17 - 10:31:46.717	[31merror[0m	C:/Users/admin/Desktop/go-mall/hust_mall/server/internal/service/websocket/w_server.go:32	user exit from imServer ,userId:13
[--hust_mall--]2022/05/17 - 11:47:40.338	[31merror[0m	C:/Users/admin/Desktop/go-mall/hust_mall/server/initialize/elastic.go:38	Elastic err:	{"error": "Head \"http://114.55.178.217:9200\": context deadline exceeded"}
[--hust_mall--]2022/05/17 - 11:56:23.210	[31merror[0m	C:/Users/admin/Desktop/go-mall/hust_mall/server/initialize/elastic.go:38	Elastic err:	{"error": "Head \"http://114.55.178.217:9200\": context deadline exceeded"}
[--hust_mall--]2022/05/17 - 12:00:18.774	[31merror[0m	C:/Users/admin/Desktop/go-mall/hust_mall/server/initialize/elastic.go:38	Elastic err:	{"error": "Head \"http://114.55.178.217:9200\": context deadline exceeded"}
[--hust_mall--]2022/05/17 - 12:01:00.932	[31merror[0m	C:/Users/admin/Desktop/go-mall/hust_mall/server/internal/service/websocket/w_server.go:97	get userConn  with userId:11 error,uid not exit
[--hust_mall--]2022/05/17 - 12:04:12.273	[31merror[0m	C:/Users/admin/Desktop/go-mall/hust_mall/server/initialize/elastic.go:38	Elastic err:	{"error": "Head \"http://114.55.178.217:9200\": context deadline exceeded"}
[--hust_mall--]2022/05/17 - 12:04:37.049	[31merror[0m	C:/Users/admin/Desktop/go-mall/hust_mall/server/internal/service/websocket/w_client.go:42	client read message error	{"error": "websocket: close 1000 (normal)"}
[--hust_mall--]2022/05/17 - 12:10:57.111	[31merror[0m	C:/Users/admin/Desktop/go-mall/hust_mall/server/initialize/elastic.go:38	Elastic err:	{"error": "Head \"http://114.55.178.217:9200\": context deadline exceeded"}
[--hust_mall--]2022/05/17 - 12:22:57.743	[31merror[0m	C:/Users/admin/Desktop/go-mall/hust_mall/server/initialize/elastic.go:38	Elastic err:	{"error": "Head \"http://114.55.178.217:9200\": context deadline exceeded"}
[--hust_mall--]2022/05/17 - 12:24:08.805	[31merror[0m	C:/Users/admin/Desktop/go-mall/hust_mall/server/internal/service/im/im_message.go:191	session 11->13 not exist,create it,session_type=SESSION_TYPE_SINGLE
[--hust_mall--]2022/05/17 - 12:52:47.599	[31merror[0m	C:/Users/admin/Desktop/go-mall/hust_mall/server/internal/service/websocket/w_client.go:42	client read message error	{"error": "websocket: close 1000 (normal)"}
[--hust_mall--]2022/05/17 - 12:52:47.603	[31merror[0m	C:/Users/admin/Desktop/go-mall/hust_mall/server/internal/service/websocket/w_client.go:42	client read message error	{"error": "websocket: close 1000 (normal)"}
[--hust_mall--]2022/05/17 - 12:52:47.606	[31merror[0m	C:/Users/admin/Desktop/go-mall/hust_mall/server/internal/service/websocket/w_server.go:38	user have exited from imServer ï¼ŒuserId:11
[--hust_mall--]2022/06/04 - 14:11:37.560	[31merror[0m	/mnt/c/Users/admin/Desktop/go-mall/hust_mall/server/initialize/elastic.go:38	Elastic err:	{"error": "Head \"http://114.55.178.217:9200\": context deadline exceeded"}
[--hust_mall--]2022/06/04 - 14:15:22.004	[31merror[0m	/mnt/c/Users/admin/Desktop/go-mall/hust_mall/server/initialize/elastic.go:38	Elastic err:	{"error": "Head \"http://114.55.178.217:9200\": context deadline exceeded"}
